<testsuite tests="22">
  <testcase classname="USTEventShared_TEST" name="testBlankEvent" time="145" />
  <testcase classname="USTEventShared_TEST" name="testEventFeed" time="707" />
  <testcase classname="USTEventShared_TEST" name="testItineraryPrint" time="1441" />
  <testcase classname="USTEventShared_TEST" name="testLetterheadLookup" time="548" />
  <testcase classname="USTEventShared_TEST" name="testMatchingUDAR" time="2948" />
  <testcase classname="USTEventShared_TEST" name="testMatchingUndergraduate" time="2235" />
  <testcase classname="USTEventShared_TEST" name="testNoMatchGraduate" time="969" />
  <testcase classname="USTEventShared_TEST" name="testParkingPass" time="449" />
  <testcase classname="USTEventShared_TEST" name="testRegAlreadyExists" time="808" />
  <testcase classname="USTEventShared_TEST" name="testRegCancel" time="532" />
  <testcase classname="USTEventShared_TEST" name="testRegConfirmationPage" time="553" />
  <testcase classname="USTEventShared_TEST" name="testRegPicklists" time="149" />
  <testcase classname="USTEventShared_TEST" name="testRegWithOptions" time="2018" />
  <testcase classname="USTEventShared_TEST" name="testSubmit" time="1025" />
  <testcase classname="USTEventShared_TEST" name="testUSTAddToCalendar" time="154" />
  <testcase classname="USTEventShared_TEST" name="testUSTApptConfirmTriggerOvernight" time="739" />
  <testcase classname="USTEventShared_TEST" name="testUSTEventTriggers" time="1628" />
  <testcase classname="USTEventShared_TEST" name="testUSTHostAssignment" time="532" />
  <testcase classname="USTEventShared_TEST" name="testUSTProgramFinder" time="169" />
  <testcase classname="USTEvent_Namespace_TEST" name="TestNamespacePrefixFixups" time="28" />
  <testcase classname="USTEvent_Namespace_TEST" name="testSandboxEmailToRealEmail" time="13" />
  <testcase classname="USTRestAdmissions_TEST" name="TestUSTRestAdmissions" time="89" />
</testsuite>