<testsuite tests="20">
  <testcase classname="USTEventShared_TEST" name="testBlankEvent" time="108" />
  <testcase classname="USTEventShared_TEST" name="testEventFeed" time="538" />
  <testcase classname="USTEventShared_TEST" name="testItineraryPrint" time="1208" />
  <testcase classname="USTEventShared_TEST" name="testLetterheadLookup" time="493" />
  <testcase classname="USTEventShared_TEST" name="testMatchingUDAR" time="2274" />
  <testcase classname="USTEventShared_TEST" name="testMatchingUndergraduate" time="2113" />
  <testcase classname="USTEventShared_TEST" name="testNoMatchGraduate" time="1094" />
  <testcase classname="USTEventShared_TEST" name="testParkingPass" time="861" />
  <testcase classname="USTEventShared_TEST" name="testRegAlreadyExists" time="806" />
  <testcase classname="USTEventShared_TEST" name="testRegCancel" time="459" />
  <testcase classname="USTEventShared_TEST" name="testRegConfirmationPage" time="445" />
  <testcase classname="USTEventShared_TEST" name="testRegPicklists" time="148" />
  <testcase classname="USTEventShared_TEST" name="testRegWithOptions" time="2030" />
  <testcase classname="USTEventShared_TEST" name="testSubmit" time="707" />
  <testcase classname="USTEventShared_TEST" name="testUSTAddToCalendar" time="178" />
  <testcase classname="USTEventShared_TEST" name="testUSTApptConfirmTriggerOvernight" time="1039" />
  <testcase classname="USTEventShared_TEST" name="testUSTEventTriggers" time="2461" />
  <testcase classname="USTEventShared_TEST" name="testUSTHostAssignment" time="530" />
  <testcase classname="USTEventShared_TEST" name="testUSTProgramFinder" time="164" />
  <testcase classname="USTRestAdmissions_TEST" name="TestUSTRestAdmissions" time="70" />
</testsuite>