<testsuite tests="20">
  <testcase classname="USTEventShared_TEST" name="testBlankEvent" time="146" />
  <testcase classname="USTEventShared_TEST" name="testEventFeed" time="1401" />
  <testcase classname="USTEventShared_TEST" name="testItineraryPrint" time="1703" />
  <testcase classname="USTEventShared_TEST" name="testLetterheadLookup" time="581" />
  <testcase classname="USTEventShared_TEST" name="testMatchingUDAR" time="3198" />
  <testcase classname="USTEventShared_TEST" name="testMatchingUndergraduate" time="2359" />
  <testcase classname="USTEventShared_TEST" name="testNoMatchGraduate" time="882" />
  <testcase classname="USTEventShared_TEST" name="testParkingPass" time="525" />
  <testcase classname="USTEventShared_TEST" name="testRegAlreadyExists" time="733" />
  <testcase classname="USTEventShared_TEST" name="testRegCancel" time="480" />
  <testcase classname="USTEventShared_TEST" name="testRegConfirmationPage" time="818" />
  <testcase classname="USTEventShared_TEST" name="testRegPicklists" time="122" />
  <testcase classname="USTEventShared_TEST" name="testRegWithOptions" time="2544" />
  <testcase classname="USTEventShared_TEST" name="testSubmit" time="760" />
  <testcase classname="USTEventShared_TEST" name="testUSTAddToCalendar" time="262" />
  <testcase classname="USTEventShared_TEST" name="testUSTApptConfirmTriggerOvernight" time="1167" />
  <testcase classname="USTEventShared_TEST" name="testUSTEventTriggers" time="3264" />
  <testcase classname="USTEventShared_TEST" name="testUSTHostAssignment" time="638" />
  <testcase classname="USTEventShared_TEST" name="testUSTProgramFinder" time="155" />
  <testcase classname="USTRestAdmissions_TEST" name="TestUSTRestAdmissions" time="82" />
</testsuite>